2024-01-28 14:08:06,147 - kedro.framework.session.session - INFO - Kedro project front-end
2024-01-28 14:08:06,173 - py.warnings - WARNING - S:\Anaconda\envs\tf-suml\lib\site-packages\kedro\framework\project\__init__.py:285: UserWarning: The 'book_recommendation_ml.pipelines.data_preprocessing' module does not expose a 'create_pipeline' function, so no pipelines defined therein will be returned by 'find_pipelines'.
  warnings.warn(

2024-01-28 14:08:06,189 - py.warnings - WARNING - S:\Anaconda\envs\tf-suml\lib\site-packages\kedro\framework\project\__init__.py:285: UserWarning: The 'book_recommendation_ml.pipelines.model_bulding' module does not expose a 'create_pipeline' function, so no pipelines defined therein will be returned by 'find_pipelines'.
  warnings.warn(

2024-01-28 14:08:06,970 - kedro.io.data_catalog - INFO - Loading data from 'book_ratings' (CSVDataSet)...
2024-01-28 14:08:06,977 - kedro.runner.sequential_runner - WARNING - No nodes ran. Repeat the previous command to attempt a new run.
2024-01-28 14:08:59,218 - kedro.framework.session.session - INFO - Kedro project front-end
2024-01-28 14:08:59,224 - py.warnings - WARNING - S:\Anaconda\envs\tf-suml\lib\site-packages\kedro\framework\project\__init__.py:285: UserWarning: The 'book_recommendation_ml.pipelines.data_preprocessing' module does not expose a 'create_pipeline' function, so no pipelines defined therein will be returned by 'find_pipelines'.
  warnings.warn(

2024-01-28 14:08:59,238 - py.warnings - WARNING - S:\Anaconda\envs\tf-suml\lib\site-packages\kedro\framework\project\__init__.py:285: UserWarning: The 'book_recommendation_ml.pipelines.model_bulding' module does not expose a 'create_pipeline' function, so no pipelines defined therein will be returned by 'find_pipelines'.
  warnings.warn(

2024-01-28 14:08:59,302 - kedro.io.data_catalog - INFO - Loading data from 'book_ratings' (CSVDataSet)...
2024-01-28 14:08:59,984 - kedro.io.data_catalog - INFO - Loading data from 'books' (CSVDataSet)...
2024-01-28 14:09:01,616 - kedro.pipeline.node - INFO - Running node: select_eager_users_node: select_eager_users([book_ratings,books]) -> [pivot_matrix]
2024-01-28 14:09:06,855 - kedro.io.data_catalog - INFO - Saving data to 'pivot_matrix' (MemoryDataset)...
2024-01-28 14:09:07,122 - kedro.runner.sequential_runner - INFO - Completed 1 out of 3 tasks
2024-01-28 14:09:07,128 - kedro.io.data_catalog - INFO - Loading data from 'pivot_matrix' (MemoryDataset)...
2024-01-28 14:09:07,313 - kedro.io.data_catalog - INFO - Loading data from 'params:user_id' (MemoryDataset)...
2024-01-28 14:09:07,320 - kedro.io.data_catalog - INFO - Loading data from 'params:top_n' (MemoryDataset)...
2024-01-28 14:09:07,452 - kedro.pipeline.node - INFO - Running node: recommend_items_node: recommend_items([pivot_matrix,params:user_id,params:top_n]) -> [recommended_items]
2024-01-28 14:09:07,605 - kedro.io.data_catalog - INFO - Saving data to 'recommended_items' (CSVDataSet)...
2024-01-28 14:09:07,657 - kedro.runner.sequential_runner - INFO - Completed 2 out of 3 tasks
2024-01-28 14:09:07,664 - kedro.io.data_catalog - INFO - Loading data from 'pivot_matrix' (MemoryDataset)...
2024-01-28 14:09:07,979 - kedro.pipeline.node - INFO - Running node: singular_val_decompose_node: singular_val_decompose([pivot_matrix]) -> [cf_preds_df]
2024-01-28 14:09:09,247 - kedro.io.data_catalog - INFO - Saving data to 'cf_preds_df' (MemoryDataset)...
2024-01-28 14:09:09,693 - kedro.runner.sequential_runner - INFO - Completed 3 out of 3 tasks
2024-01-28 14:09:09,699 - kedro.runner.sequential_runner - INFO - Pipeline execution completed successfully.
2024-01-28 14:09:09,702 - kedro.io.data_catalog - INFO - Loading data from 'cf_preds_df' (MemoryDataset)...
2024-01-28 14:09:50,515 - kedro.framework.session.session - INFO - Kedro project front-end
2024-01-28 14:09:50,531 - py.warnings - WARNING - S:\Anaconda\envs\tf-suml\lib\site-packages\kedro\framework\project\__init__.py:285: UserWarning: The 'book_recommendation_ml.pipelines.data_preprocessing' module does not expose a 'create_pipeline' function, so no pipelines defined therein will be returned by 'find_pipelines'.
  warnings.warn(

2024-01-28 14:09:50,546 - py.warnings - WARNING - S:\Anaconda\envs\tf-suml\lib\site-packages\kedro\framework\project\__init__.py:285: UserWarning: The 'book_recommendation_ml.pipelines.model_bulding' module does not expose a 'create_pipeline' function, so no pipelines defined therein will be returned by 'find_pipelines'.
  warnings.warn(

2024-01-28 14:09:50,605 - kedro.io.data_catalog - INFO - Loading data from 'book_ratings' (CSVDataSet)...
2024-01-28 14:09:51,279 - kedro.io.data_catalog - INFO - Loading data from 'books' (CSVDataSet)...
2024-01-28 14:09:52,917 - kedro.pipeline.node - INFO - Running node: select_eager_users_node: select_eager_users([book_ratings,books]) -> [pivot_matrix]
2024-01-28 14:09:57,984 - kedro.io.data_catalog - INFO - Saving data to 'pivot_matrix' (MemoryDataset)...
2024-01-28 14:09:58,259 - kedro.runner.sequential_runner - INFO - Completed 1 out of 3 tasks
2024-01-28 14:09:58,259 - kedro.io.data_catalog - INFO - Loading data from 'pivot_matrix' (MemoryDataset)...
2024-01-28 14:09:58,449 - kedro.io.data_catalog - INFO - Loading data from 'params:user_id' (MemoryDataset)...
2024-01-28 14:09:58,454 - kedro.io.data_catalog - INFO - Loading data from 'params:top_n' (MemoryDataset)...
2024-01-28 14:09:58,585 - kedro.pipeline.node - INFO - Running node: recommend_items_node: recommend_items([pivot_matrix,params:user_id,params:top_n]) -> [recommended_items]
2024-01-28 14:09:58,734 - kedro.io.data_catalog - INFO - Saving data to 'recommended_items' (CSVDataSet)...
2024-01-28 14:09:58,761 - kedro.runner.sequential_runner - INFO - Completed 2 out of 3 tasks
2024-01-28 14:09:58,777 - kedro.io.data_catalog - INFO - Loading data from 'pivot_matrix' (MemoryDataset)...
2024-01-28 14:09:59,104 - kedro.pipeline.node - INFO - Running node: singular_val_decompose_node: singular_val_decompose([pivot_matrix]) -> [cf_preds_df]
2024-01-28 14:10:00,352 - kedro.io.data_catalog - INFO - Saving data to 'cf_preds_df' (MemoryDataset)...
2024-01-28 14:10:00,791 - kedro.runner.sequential_runner - INFO - Completed 3 out of 3 tasks
2024-01-28 14:10:00,795 - kedro.runner.sequential_runner - INFO - Pipeline execution completed successfully.
2024-01-28 14:10:00,795 - kedro.io.data_catalog - INFO - Loading data from 'cf_preds_df' (MemoryDataset)...
2024-01-28 14:11:20,251 - kedro.framework.session.session - INFO - Kedro project front-end
2024-01-28 14:11:20,267 - py.warnings - WARNING - S:\Anaconda\envs\tf-suml\lib\site-packages\kedro\framework\project\__init__.py:285: UserWarning: The 'book_recommendation_ml.pipelines.data_preprocessing' module does not expose a 'create_pipeline' function, so no pipelines defined therein will be returned by 'find_pipelines'.
  warnings.warn(

2024-01-28 14:11:20,281 - py.warnings - WARNING - S:\Anaconda\envs\tf-suml\lib\site-packages\kedro\framework\project\__init__.py:285: UserWarning: The 'book_recommendation_ml.pipelines.model_bulding' module does not expose a 'create_pipeline' function, so no pipelines defined therein will be returned by 'find_pipelines'.
  warnings.warn(

2024-01-28 14:11:20,335 - kedro.io.data_catalog - INFO - Loading data from 'book_ratings' (CSVDataSet)...
2024-01-28 14:11:21,045 - kedro.io.data_catalog - INFO - Loading data from 'books' (CSVDataSet)...
2024-01-28 14:11:22,699 - kedro.pipeline.node - INFO - Running node: select_eager_users_node: select_eager_users([book_ratings,books]) -> [pivot_matrix]
2024-01-28 14:11:27,804 - kedro.io.data_catalog - INFO - Saving data to 'pivot_matrix' (MemoryDataset)...
2024-01-28 14:11:28,072 - kedro.runner.sequential_runner - INFO - Completed 1 out of 3 tasks
2024-01-28 14:11:28,078 - kedro.io.data_catalog - INFO - Loading data from 'pivot_matrix' (MemoryDataset)...
2024-01-28 14:11:28,259 - kedro.io.data_catalog - INFO - Loading data from 'params:user_id' (MemoryDataset)...
2024-01-28 14:11:28,266 - kedro.io.data_catalog - INFO - Loading data from 'params:top_n' (MemoryDataset)...
2024-01-28 14:11:28,395 - kedro.pipeline.node - INFO - Running node: recommend_items_node: recommend_items([pivot_matrix,params:user_id,params:top_n]) -> [recommended_items]
2024-01-28 14:11:28,542 - kedro.io.data_catalog - INFO - Saving data to 'recommended_items' (CSVDataSet)...
2024-01-28 14:11:28,580 - kedro.runner.sequential_runner - INFO - Completed 2 out of 3 tasks
2024-01-28 14:11:28,587 - kedro.io.data_catalog - INFO - Loading data from 'pivot_matrix' (MemoryDataset)...
2024-01-28 14:11:28,914 - kedro.pipeline.node - INFO - Running node: singular_val_decompose_node: singular_val_decompose([pivot_matrix]) -> [cf_preds_df]
2024-01-28 14:11:30,161 - kedro.io.data_catalog - INFO - Saving data to 'cf_preds_df' (MemoryDataset)...
2024-01-28 14:11:30,620 - kedro.runner.sequential_runner - INFO - Completed 3 out of 3 tasks
2024-01-28 14:11:30,625 - kedro.runner.sequential_runner - INFO - Pipeline execution completed successfully.
2024-01-28 14:11:30,629 - kedro.io.data_catalog - INFO - Loading data from 'cf_preds_df' (MemoryDataset)...
2024-01-28 14:44:29,966 - kedro.framework.session.session - INFO - Kedro project front-end
2024-01-28 14:44:29,994 - py.warnings - WARNING - S:\Anaconda\envs\tf-suml\lib\site-packages\kedro\framework\project\__init__.py:285: UserWarning: The 'book_recommendation_ml.pipelines.data_preprocessing' module does not expose a 'create_pipeline' function, so no pipelines defined therein will be returned by 'find_pipelines'.
  warnings.warn(

2024-01-28 14:44:30,008 - py.warnings - WARNING - S:\Anaconda\envs\tf-suml\lib\site-packages\kedro\framework\project\__init__.py:285: UserWarning: The 'book_recommendation_ml.pipelines.model_bulding' module does not expose a 'create_pipeline' function, so no pipelines defined therein will be returned by 'find_pipelines'.
  warnings.warn(

2024-01-28 14:44:30,071 - kedro.io.data_catalog - INFO - Loading data from 'book_ratings' (CSVDataSet)...
2024-01-28 14:44:30,722 - kedro.io.data_catalog - INFO - Loading data from 'books' (CSVDataSet)...
2024-01-28 14:44:32,357 - kedro.pipeline.node - INFO - Running node: select_eager_users_node: select_eager_users([book_ratings,books]) -> [pivot_matrix]
2024-01-28 14:44:37,659 - kedro.io.data_catalog - INFO - Saving data to 'pivot_matrix' (MemoryDataset)...
2024-01-28 14:44:37,947 - kedro.runner.sequential_runner - INFO - Completed 1 out of 3 tasks
2024-01-28 14:44:37,952 - kedro.io.data_catalog - INFO - Loading data from 'pivot_matrix' (MemoryDataset)...
2024-01-28 14:44:38,157 - kedro.io.data_catalog - INFO - Loading data from 'params:user_id' (MemoryDataset)...
2024-01-28 14:44:38,163 - kedro.io.data_catalog - INFO - Loading data from 'params:top_n' (MemoryDataset)...
2024-01-28 14:44:38,290 - kedro.pipeline.node - INFO - Running node: recommend_items_node: recommend_items([pivot_matrix,params:user_id,params:top_n]) -> [recommended_items]
2024-01-28 14:44:38,451 - kedro.io.data_catalog - INFO - Saving data to 'recommended_items' (CSVDataSet)...
2024-01-28 14:44:38,490 - kedro.runner.sequential_runner - INFO - Completed 2 out of 3 tasks
2024-01-28 14:44:38,496 - kedro.io.data_catalog - INFO - Loading data from 'pivot_matrix' (MemoryDataset)...
2024-01-28 14:44:38,809 - kedro.pipeline.node - INFO - Running node: singular_val_decompose_node: singular_val_decompose([pivot_matrix]) -> [cf_preds_df]
2024-01-28 14:44:40,184 - kedro.io.data_catalog - INFO - Saving data to 'cf_preds_df' (MemoryDataset)...
2024-01-28 14:44:40,614 - kedro.runner.sequential_runner - INFO - Completed 3 out of 3 tasks
2024-01-28 14:44:40,621 - kedro.runner.sequential_runner - INFO - Pipeline execution completed successfully.
2024-01-28 14:44:40,625 - kedro.io.data_catalog - INFO - Loading data from 'cf_preds_df' (MemoryDataset)...
2024-01-28 14:50:24,001 - kedro.framework.session.session - INFO - Kedro project front-end
2024-01-28 14:50:24,016 - py.warnings - WARNING - S:\Anaconda\envs\tf-suml\lib\site-packages\kedro\framework\project\__init__.py:285: UserWarning: The 'book_recommendation_ml.pipelines.data_preprocessing' module does not expose a 'create_pipeline' function, so no pipelines defined therein will be returned by 'find_pipelines'.
  warnings.warn(

2024-01-28 14:50:24,034 - py.warnings - WARNING - S:\Anaconda\envs\tf-suml\lib\site-packages\kedro\framework\project\__init__.py:285: UserWarning: The 'book_recommendation_ml.pipelines.model_bulding' module does not expose a 'create_pipeline' function, so no pipelines defined therein will be returned by 'find_pipelines'.
  warnings.warn(

2024-01-28 14:50:24,094 - kedro.io.data_catalog - INFO - Loading data from 'book_ratings' (CSVDataSet)...
2024-01-28 14:50:24,778 - kedro.io.data_catalog - INFO - Loading data from 'books' (CSVDataSet)...
2024-01-28 14:50:26,384 - kedro.pipeline.node - INFO - Running node: select_eager_users_node: select_eager_users([book_ratings,books]) -> [pivot_matrix]
2024-01-28 14:50:31,608 - kedro.io.data_catalog - INFO - Saving data to 'pivot_matrix' (MemoryDataset)...
2024-01-28 14:50:31,874 - kedro.runner.sequential_runner - INFO - Completed 1 out of 3 tasks
2024-01-28 14:50:31,878 - kedro.io.data_catalog - INFO - Loading data from 'pivot_matrix' (MemoryDataset)...
2024-01-28 14:50:32,076 - kedro.io.data_catalog - INFO - Loading data from 'params:user_id' (MemoryDataset)...
2024-01-28 14:50:32,083 - kedro.io.data_catalog - INFO - Loading data from 'params:top_n' (MemoryDataset)...
2024-01-28 14:50:32,212 - kedro.pipeline.node - INFO - Running node: recommend_items_node: recommend_items([pivot_matrix,params:user_id,params:top_n]) -> [recommended_items]
2024-01-28 14:50:32,360 - kedro.io.data_catalog - INFO - Saving data to 'recommended_items' (CSVDataSet)...
2024-01-28 14:50:32,395 - kedro.runner.sequential_runner - INFO - Completed 2 out of 3 tasks
2024-01-28 14:50:32,395 - kedro.io.data_catalog - INFO - Loading data from 'pivot_matrix' (MemoryDataset)...
2024-01-28 14:50:32,712 - kedro.pipeline.node - INFO - Running node: singular_val_decompose_node: singular_val_decompose([pivot_matrix]) -> [cf_preds_df]
2024-01-28 14:50:34,075 - kedro.io.data_catalog - INFO - Saving data to 'cf_preds_df' (MemoryDataset)...
2024-01-28 14:50:34,538 - kedro.runner.sequential_runner - INFO - Completed 3 out of 3 tasks
2024-01-28 14:50:34,543 - kedro.runner.sequential_runner - INFO - Pipeline execution completed successfully.
2024-01-28 14:50:34,548 - kedro.io.data_catalog - INFO - Loading data from 'cf_preds_df' (MemoryDataset)...
2024-01-28 14:54:53,323 - kedro.framework.session.session - INFO - Kedro project front-end
2024-01-28 14:54:53,339 - py.warnings - WARNING - S:\Anaconda\envs\tf-suml\lib\site-packages\kedro\framework\project\__init__.py:285: UserWarning: The 'book_recommendation_ml.pipelines.data_preprocessing' module does not expose a 'create_pipeline' function, so no pipelines defined therein will be returned by 'find_pipelines'.
  warnings.warn(

2024-01-28 14:54:53,348 - py.warnings - WARNING - S:\Anaconda\envs\tf-suml\lib\site-packages\kedro\framework\project\__init__.py:285: UserWarning: The 'book_recommendation_ml.pipelines.model_bulding' module does not expose a 'create_pipeline' function, so no pipelines defined therein will be returned by 'find_pipelines'.
  warnings.warn(

2024-01-28 14:54:53,400 - kedro.io.data_catalog - INFO - Loading data from 'book_ratings' (CSVDataSet)...
2024-01-28 14:54:54,079 - kedro.io.data_catalog - INFO - Loading data from 'books' (CSVDataSet)...
2024-01-28 14:54:55,704 - kedro.pipeline.node - INFO - Running node: get_popular_books_node: get_popular_books([book_ratings,books]) -> [popular_books]
2024-01-28 14:54:59,140 - kedro.io.data_catalog - INFO - Saving data to 'popular_books' (CSVDataSet)...
2024-01-28 14:54:59,230 - kedro.runner.sequential_runner - INFO - Completed 1 out of 1 tasks
2024-01-28 14:54:59,236 - kedro.runner.sequential_runner - INFO - Pipeline execution completed successfully.
2024-01-28 14:55:59,416 - kedro.framework.session.session - INFO - Kedro project front-end
2024-01-28 14:55:59,434 - py.warnings - WARNING - S:\Anaconda\envs\tf-suml\lib\site-packages\kedro\framework\project\__init__.py:285: UserWarning: The 'book_recommendation_ml.pipelines.data_preprocessing' module does not expose a 'create_pipeline' function, so no pipelines defined therein will be returned by 'find_pipelines'.
  warnings.warn(

2024-01-28 14:55:59,448 - py.warnings - WARNING - S:\Anaconda\envs\tf-suml\lib\site-packages\kedro\framework\project\__init__.py:285: UserWarning: The 'book_recommendation_ml.pipelines.model_bulding' module does not expose a 'create_pipeline' function, so no pipelines defined therein will be returned by 'find_pipelines'.
  warnings.warn(

2024-01-28 14:55:59,501 - kedro.io.data_catalog - INFO - Loading data from 'book_ratings' (CSVDataSet)...
2024-01-28 14:56:00,200 - kedro.io.data_catalog - INFO - Loading data from 'books' (CSVDataSet)...
2024-01-28 14:56:01,811 - kedro.pipeline.node - INFO - Running node: get_popular_books_node: get_popular_books([book_ratings,books]) -> [popular_books]
2024-01-28 14:56:05,227 - kedro.io.data_catalog - INFO - Saving data to 'popular_books' (CSVDataSet)...
2024-01-28 14:56:05,316 - kedro.runner.sequential_runner - INFO - Completed 1 out of 1 tasks
2024-01-28 14:56:05,321 - kedro.runner.sequential_runner - INFO - Pipeline execution completed successfully.
2024-01-28 14:56:40,930 - kedro.framework.session.session - INFO - Kedro project front-end
2024-01-28 14:56:40,945 - py.warnings - WARNING - S:\Anaconda\envs\tf-suml\lib\site-packages\kedro\framework\project\__init__.py:285: UserWarning: The 'book_recommendation_ml.pipelines.data_preprocessing' module does not expose a 'create_pipeline' function, so no pipelines defined therein will be returned by 'find_pipelines'.
  warnings.warn(

2024-01-28 14:56:40,959 - py.warnings - WARNING - S:\Anaconda\envs\tf-suml\lib\site-packages\kedro\framework\project\__init__.py:285: UserWarning: The 'book_recommendation_ml.pipelines.model_bulding' module does not expose a 'create_pipeline' function, so no pipelines defined therein will be returned by 'find_pipelines'.
  warnings.warn(

2024-01-28 14:56:41,008 - kedro.io.data_catalog - INFO - Loading data from 'book_ratings' (CSVDataSet)...
2024-01-28 14:56:41,725 - kedro.io.data_catalog - INFO - Loading data from 'books' (CSVDataSet)...
2024-01-28 14:56:43,354 - kedro.pipeline.node - INFO - Running node: get_popular_books_node: get_popular_books([book_ratings,books]) -> [popular_books]
2024-01-28 14:56:46,778 - kedro.io.data_catalog - INFO - Saving data to 'popular_books' (CSVDataSet)...
2024-01-28 14:56:46,867 - kedro.runner.sequential_runner - INFO - Completed 1 out of 1 tasks
2024-01-28 14:56:46,872 - kedro.runner.sequential_runner - INFO - Pipeline execution completed successfully.
2024-01-28 14:57:02,932 - kedro.framework.session.session - INFO - Kedro project front-end
2024-01-28 14:57:02,940 - py.warnings - WARNING - S:\Anaconda\envs\tf-suml\lib\site-packages\kedro\framework\project\__init__.py:285: UserWarning: The 'book_recommendation_ml.pipelines.data_preprocessing' module does not expose a 'create_pipeline' function, so no pipelines defined therein will be returned by 'find_pipelines'.
  warnings.warn(

2024-01-28 14:57:02,954 - py.warnings - WARNING - S:\Anaconda\envs\tf-suml\lib\site-packages\kedro\framework\project\__init__.py:285: UserWarning: The 'book_recommendation_ml.pipelines.model_bulding' module does not expose a 'create_pipeline' function, so no pipelines defined therein will be returned by 'find_pipelines'.
  warnings.warn(

2024-01-28 14:57:03,010 - kedro.io.data_catalog - INFO - Loading data from 'book_ratings' (CSVDataSet)...
2024-01-28 14:57:03,687 - kedro.io.data_catalog - INFO - Loading data from 'books' (CSVDataSet)...
2024-01-28 14:57:05,276 - kedro.pipeline.node - INFO - Running node: select_eager_users_node: select_eager_users([book_ratings,books]) -> [pivot_matrix]
2024-01-28 14:57:10,440 - kedro.io.data_catalog - INFO - Saving data to 'pivot_matrix' (MemoryDataset)...
2024-01-28 14:57:10,725 - kedro.runner.sequential_runner - INFO - Completed 1 out of 3 tasks
2024-01-28 14:57:10,732 - kedro.io.data_catalog - INFO - Loading data from 'pivot_matrix' (MemoryDataset)...
2024-01-28 14:57:10,945 - kedro.io.data_catalog - INFO - Loading data from 'params:user_id' (MemoryDataset)...
2024-01-28 14:57:10,950 - kedro.io.data_catalog - INFO - Loading data from 'params:top_n' (MemoryDataset)...
2024-01-28 14:57:11,082 - kedro.pipeline.node - INFO - Running node: recommend_items_node: recommend_items([pivot_matrix,params:user_id,params:top_n]) -> [recommended_items]
2024-01-28 14:57:11,232 - kedro.io.data_catalog - INFO - Saving data to 'recommended_items' (CSVDataSet)...
2024-01-28 14:57:11,271 - kedro.runner.sequential_runner - INFO - Completed 2 out of 3 tasks
2024-01-28 14:57:11,277 - kedro.io.data_catalog - INFO - Loading data from 'pivot_matrix' (MemoryDataset)...
2024-01-28 14:57:11,602 - kedro.pipeline.node - INFO - Running node: singular_val_decompose_node: singular_val_decompose([pivot_matrix]) -> [cf_preds_df]
2024-01-28 14:57:12,949 - kedro.io.data_catalog - INFO - Saving data to 'cf_preds_df' (MemoryDataset)...
2024-01-28 14:57:13,390 - kedro.runner.sequential_runner - INFO - Completed 3 out of 3 tasks
2024-01-28 14:57:13,395 - kedro.runner.sequential_runner - INFO - Pipeline execution completed successfully.
2024-01-28 14:57:13,399 - kedro.io.data_catalog - INFO - Loading data from 'cf_preds_df' (MemoryDataset)...
2024-01-28 14:57:49,916 - kedro.framework.session.session - INFO - Kedro project front-end
2024-01-28 14:57:49,933 - py.warnings - WARNING - S:\Anaconda\envs\tf-suml\lib\site-packages\kedro\framework\project\__init__.py:285: UserWarning: The 'book_recommendation_ml.pipelines.data_preprocessing' module does not expose a 'create_pipeline' function, so no pipelines defined therein will be returned by 'find_pipelines'.
  warnings.warn(

2024-01-28 14:57:49,949 - py.warnings - WARNING - S:\Anaconda\envs\tf-suml\lib\site-packages\kedro\framework\project\__init__.py:285: UserWarning: The 'book_recommendation_ml.pipelines.model_bulding' module does not expose a 'create_pipeline' function, so no pipelines defined therein will be returned by 'find_pipelines'.
  warnings.warn(

2024-01-28 14:57:50,003 - kedro.io.data_catalog - INFO - Loading data from 'book_ratings' (CSVDataSet)...
2024-01-28 14:57:50,689 - kedro.io.data_catalog - INFO - Loading data from 'books' (CSVDataSet)...
2024-01-28 14:57:52,427 - kedro.pipeline.node - INFO - Running node: get_popular_books_node: get_popular_books([book_ratings,books]) -> [popular_books]
2024-01-28 14:57:55,986 - kedro.io.data_catalog - INFO - Saving data to 'popular_books' (CSVDataSet)...
2024-01-28 14:57:56,065 - kedro.runner.sequential_runner - INFO - Completed 1 out of 1 tasks
2024-01-28 14:57:56,082 - kedro.runner.sequential_runner - INFO - Pipeline execution completed successfully.
2024-01-28 14:58:10,285 - kedro.framework.session.session - INFO - Kedro project front-end
2024-01-28 14:58:10,301 - py.warnings - WARNING - S:\Anaconda\envs\tf-suml\lib\site-packages\kedro\framework\project\__init__.py:285: UserWarning: The 'book_recommendation_ml.pipelines.data_preprocessing' module does not expose a 'create_pipeline' function, so no pipelines defined therein will be returned by 'find_pipelines'.
  warnings.warn(

2024-01-28 14:58:10,314 - py.warnings - WARNING - S:\Anaconda\envs\tf-suml\lib\site-packages\kedro\framework\project\__init__.py:285: UserWarning: The 'book_recommendation_ml.pipelines.model_bulding' module does not expose a 'create_pipeline' function, so no pipelines defined therein will be returned by 'find_pipelines'.
  warnings.warn(

2024-01-28 14:58:10,367 - kedro.io.data_catalog - INFO - Loading data from 'book_ratings' (CSVDataSet)...
2024-01-28 14:58:11,048 - kedro.io.data_catalog - INFO - Loading data from 'books' (CSVDataSet)...
2024-01-28 14:58:12,668 - kedro.pipeline.node - INFO - Running node: select_eager_users_node: select_eager_users([book_ratings,books]) -> [pivot_matrix]
2024-01-28 14:58:17,840 - kedro.io.data_catalog - INFO - Saving data to 'pivot_matrix' (MemoryDataset)...
2024-01-28 14:58:18,127 - kedro.runner.sequential_runner - INFO - Completed 1 out of 3 tasks
2024-01-28 14:58:18,132 - kedro.io.data_catalog - INFO - Loading data from 'pivot_matrix' (MemoryDataset)...
2024-01-28 14:58:18,320 - kedro.io.data_catalog - INFO - Loading data from 'params:user_id' (MemoryDataset)...
2024-01-28 14:58:18,326 - kedro.io.data_catalog - INFO - Loading data from 'params:top_n' (MemoryDataset)...
2024-01-28 14:58:18,464 - kedro.pipeline.node - INFO - Running node: recommend_items_node: recommend_items([pivot_matrix,params:user_id,params:top_n]) -> [recommended_items]
2024-01-28 14:58:18,613 - kedro.io.data_catalog - INFO - Saving data to 'recommended_items' (CSVDataSet)...
2024-01-28 14:58:18,650 - kedro.runner.sequential_runner - INFO - Completed 2 out of 3 tasks
2024-01-28 14:58:18,655 - kedro.io.data_catalog - INFO - Loading data from 'pivot_matrix' (MemoryDataset)...
2024-01-28 14:58:18,966 - kedro.pipeline.node - INFO - Running node: singular_val_decompose_node: singular_val_decompose([pivot_matrix]) -> [cf_preds_df]
2024-01-28 14:58:20,215 - kedro.io.data_catalog - INFO - Saving data to 'cf_preds_df' (MemoryDataset)...
2024-01-28 14:58:20,654 - kedro.runner.sequential_runner - INFO - Completed 3 out of 3 tasks
2024-01-28 14:58:20,661 - kedro.runner.sequential_runner - INFO - Pipeline execution completed successfully.
2024-01-28 14:58:20,665 - kedro.io.data_catalog - INFO - Loading data from 'cf_preds_df' (MemoryDataset)...
